make all --print-data-base --no-builtin-variables --no-builtin-rules --question
# GNU Make 4.3
# Built for x86_64-pc-linux-gnu
# Copyright (C) 1988-2020 Free Software Foundation, Inc.
# License GPLv3+: GNU GPL version 3 or later <http://gnu.org/licenses/gpl.html>
# This is free software: you are free to change and redistribute it.
# There is NO WARRANTY, to the extent permitted by law.

# Make data base, printed on Sun Nov  5 23:01:02 2023

# Variables

# environment
GDK_BACKEND = x11
# environment
LC_ALL = C
# environment
GJS_DEBUG_OUTPUT = stderr
# environment
VSCODE_CRASH_REPORTER_PROCESS_TYPE = extensionHost
# environment
VSCODE_CWD = /home/kenn
# environment
WINDOWPATH = 2
# environment
GDM_LANG = en_US.UTF-8
# default
MAKE_COMMAND := make
# environment
QT_ACCESSIBILITY = 1
# automatic
@D = $(patsubst %/,%,$(dir $@))
# environment
PETSC_ARCH = arch-linux-c-debug
# environment
VSCODE_HANDLES_UNCAUGHT_ERRORS = true
# default
.VARIABLES := 
# environment
PWD = /home/kenn/Documents/cpp/ray-tracing-one-weekend
# automatic
%D = $(patsubst %/,%,$(dir $%))
# environment
XDG_DATA_DIRS = /home/kenn/.local/share/flatpak/exports/share:/var/lib/flatpak/exports/share:/usr/share/gnome:/usr/local/share/:/usr/share/
# automatic
^D = $(patsubst %/,%,$(dir $^))
# automatic
%F = $(notdir $%)
# environment
VSCODE_CODE_CACHE_PATH = /home/kenn/.config/Code/CachedData/d037ac076cee195194f93ce6fe2bdfe2969cc82d
# environment
LANG = C
# environment
XAUTHORITY = /run/user/1000/gdm/Xauthority
# default
.LOADED := 
# default
.INCLUDE_DIRS = /usr/local/include /usr/include /usr/include
# makefile
MAKEFLAGS = pqrR
# makefile
CURDIR := /home/kenn/Documents/cpp/ray-tracing-one-weekend
# environment
APPLICATION_INSIGHTS_NO_DIAGNOSTIC_CHANNEL = 1
# automatic
*D = $(patsubst %/,%,$(dir $*))
# environment
MFLAGS = -pqrR
# environment
SSH_AUTH_SOCK = /run/user/1000/keyring/ssh
# default
.SHELLFLAGS := -c
# automatic
+D = $(patsubst %/,%,$(dir $+))
# environment
XDG_SESSION_DESKTOP = gnome-xorg
# makefile (from 'Makefile', line 1)
MAKEFILE_LIST := Makefile
# automatic
@F = $(notdir $@)
# environment
VSCODE_PID = 27192
# environment
XDG_SESSION_TYPE = x11
# automatic
?D = $(patsubst %/,%,$(dir $?))
# environment
SESSION_MANAGER = local/catenoid:@/tmp/.ICE-unix/1375,unix/catenoid:/tmp/.ICE-unix/1375
# automatic
*F = $(notdir $*)
# environment
CHROME_DESKTOP = code-url-handler.desktop
# environment
DBUS_SESSION_BUS_ADDRESS = unix:path=/run/user/1000/bus
# automatic
<D = $(patsubst %/,%,$(dir $<))
# environment
VSCODE_NLS_CONFIG = {"locale":"en-us","osLocale":"en-us","availableLanguages":{},"_languagePackSupport":true}
# default
MAKE_HOST := x86_64-pc-linux-gnu
# environment
GNOME_DESKTOP_SESSION_ID = this-is-deprecated
# makefile
SHELL = /bin/sh
# default
MAKECMDGOALS := all
# environment
XMODIFIERS = @im=ibus
# environment
LD_LIBRARY_PATH = :/home/kenn/Ringmesh/RINGMesh/build/third_party/tinyxml2/
# environment
GJS_DEBUG_TOPICS = JS ERROR;JS LOG
# environment
SHLVL = 0
# environment
MAKELEVEL := 0
# default
MAKE = $(MAKE_COMMAND)
# environment
PATH = /home/kenn/.local/bin:/usr/local/go/bin:/usr/local/bin:/usr/bin:/bin:/usr/local/games:/usr/games:/sbin:/usr/sbin:/usr/local/sbin:/home/kenn/.local/bin
# default
MAKEFILES := 
# environment
LANGUAGE = en_US:en
# automatic
^F = $(notdir $^)
# environment
INVOCATION_ID = 56a2d22286ff4c18a33ba90e3460b056
# environment
USERNAME = kenn
# automatic
?F = $(notdir $?)
# environment
XDG_CURRENT_DESKTOP = GNOME
# automatic
+F = $(notdir $+)
# environment
DESKTOP_SESSION = gnome-xorg
# environment
ORIGINAL_XDG_CURRENT_DESKTOP = GNOME
# 'override' directive
GNUMAKEFLAGS := 
# environment
LOGNAME = kenn
# environment
GIO_LAUNCHED_DESKTOP_FILE = /usr/share/applications/code.desktop
# makefile
.DEFAULT_GOAL := main
# environment
PETSC_DIR = /home/kenn/Applications/petsc
# environment
DISPLAY = :0
# environment
USER = kenn
# environment
GTK_MODULES = gail:atk-bridge
# default
MAKE_VERSION := 4.3
# environment
MANAGERPID = 1146
# environment
GIO_LAUNCHED_DESKTOP_FILE_PID = 27192
# environment
PYTHONPATH = :/home/kenn/gmsh-4.5.6-Linux64-sdk/lib/
# environment
SSH_AGENT_PID = 1334
# environment
_ = /usr/share/code/code
# environment
XDG_RUNTIME_DIR = /run/user/1000
# environment
GPG_AGENT_INFO = /run/user/1000/gnupg/S.gpg-agent:0:1
# environment
JOURNAL_STREAM = 8:22264
# environment
XDG_SESSION_CLASS = user
# environment
VSCODE_AMD_ENTRYPOINT = vs/workbench/api/node/extensionHostProcess
# environment
HOME = /home/kenn
# environment
QT_IM_MODULE = ibus
# environment
ELECTRON_RUN_AS_NODE = 1
# environment
VSCODE_IPC_HOOK = /run/user/1000/vscode-582713b4-1.84-main.sock
# environment
IM_CONFIG_PHASE = 1
# default
.RECIPEPREFIX := 
# automatic
<F = $(notdir $<)
# default
SUFFIXES := 
# makefile (from 'Makefile', line 2)
CXXFLAGS := -g 
# default
.FEATURES := target-specific order-only second-expansion else-if shortest-stem undefine oneshell nocomment grouped-target extra-prereqs archives jobserver output-sync check-symlink load
# makefile (from 'Makefile', line 1)
CXX := g++
# environment
XDG_MENU_PREFIX = gnome-
# environment
GDMSESSION = gnome-xorg
# variable set hash-table stats:
# Load=96/1024=9%, Rehash=0, Collisions=3/126=2%

# Pattern-specific Variable Values

# No pattern-specific variable values.

# Directories

# . (device 2055, inode 10356939): 16 files, no impossibilities.

# 16 files, no impossibilities in 1 directories.

# Implicit Rules

# No implicit rules.

# Files

# Not a target:
Makefile:
#  Implicit rule search has been done.
#  Last modified 2022-03-26 23:27:36.988882267
#  File has been updated.
#  Successfully updated.

# Not a target:
.DEFAULT:
#  Implicit rule search has not been done.
#  Modification time never checked.
#  File has not been updated.

# Not a target:
all:
#  Command line target.
#  Implicit rule search has been done.
#  File does not exist.
#  File has not been updated.

main:
#  Implicit rule search has not been done.
#  Modification time never checked.
#  File has not been updated.

# files hash-table stats:
# Load=5/1024=0%, Rehash=0, Collisions=0/15=0%
# VPATH Search Paths

# No 'vpath' search paths.

# No general ('VPATH' variable) search path.

# strcache buffers: 1 (0) / strings = 21 / storage = 187 B / avg = 8 B
# current buf: size = 8162 B / used = 187 B / count = 21 / avg = 8 B

# strcache performance: lookups = 27 / hit rate = 22%
# hash-table stats:
# Load=21/8192=0%, Rehash=0, Collisions=0/27=0%
# Finished Make data base on Sun Nov  5 23:01:02 2023

 
make: *** No rule to make target 'all'.  Stop.

